<?xml version="1.0" encoding="UTF-8"?>
<!-- Generated by org.testng.reporters.JUnitXMLReporter -->
<testsuite hostname="Vofox-Sebastian" name="Default test" tests="8" failures="0" timestamp="15 Oct 2018 06:17:17 GMT" time="36.581" errors="0">
  <testcase name="TCBA01001" time="0.948" classname="com.Home.Associate_Login"/>
  <testcase name="TCBA01002" time="0.493" classname="com.Home.Associate_Login"/>
  <testcase name="TCBA01003" time="0.449" classname="com.Home.Associate_Login"/>
  <testcase name="TCBA01004" time="2.462" classname="com.Home.Associate_Login"/>
  <testcase name="TCBA01005" time="3.493" classname="com.Home.Associate_Login"/>
  <testcase name="TCBA01006" time="3.548" classname="com.Home.Associate_Login"/>
  <testcase name="TCBA01007" time="10.121" classname="com.Home.Associate_Login"/>
  <testcase name="TCBA01008" time="3.832" classname="com.Home.Associate_Login"/>
</testsuite> <!-- Default test -->
