<?xml version="1.0" encoding="UTF-8"?>
<!-- Generated by org.testng.reporters.JUnitXMLReporter -->
<testsuite hostname="AKHIL-TS" name="Default test" tests="8" failures="0" timestamp="9 Jan 2019 10:11:40 GMT" time="50.808" errors="0">
  <testcase name="TCBA01001" time="0.492" classname="com.associatePortal.Associate_Login"/>
  <testcase name="TCBA01002" time="0.431" classname="com.associatePortal.Associate_Login"/>
  <testcase name="TCBA01003" time="0.415" classname="com.associatePortal.Associate_Login"/>
  <testcase name="TCBA01004" time="2.457" classname="com.associatePortal.Associate_Login"/>
  <testcase name="TCBA01005" time="3.541" classname="com.associatePortal.Associate_Login"/>
  <testcase name="TCBA01006" time="3.464" classname="com.associatePortal.Associate_Login"/>
  <testcase name="TCBA01007" time="10.018" classname="com.associatePortal.Associate_Login"/>
  <testcase name="TCBA01008" time="3.812" classname="com.associatePortal.Associate_Login"/>
</testsuite> <!-- Default test -->
