<?xml version="1.0" encoding="UTF-8"?>
<!-- Generated by org.testng.reporters.JUnitXMLReporter -->
<testsuite hostname="QA-Scheduler" failures="0" tests="8" name="Test" time="32.356" errors="0" timestamp="30 Nov 2018 04:48:09 GMT">
  <testcase classname="com.associatePortal.Associate_Login" name="TCBA01001" time="0.594"/>
  <testcase classname="com.associatePortal.Associate_Login" name="TCBA01002" time="0.38"/>
  <testcase classname="com.associatePortal.Associate_Login" name="TCBA01003" time="0.359"/>
  <testcase classname="com.associatePortal.Associate_Login" name="TCBA01004" time="2.409"/>
  <testcase classname="com.associatePortal.Associate_Login" name="TCBA01005" time="3.45"/>
  <testcase classname="com.associatePortal.Associate_Login" name="TCBA01006" time="3.425"/>
  <testcase classname="com.associatePortal.Associate_Login" name="TCBA01007" time="10.009"/>
  <testcase classname="com.associatePortal.Associate_Login" name="TCBA01008" time="3.617"/>
</testsuite> <!-- Test -->
