<?xml version="1.0" encoding="UTF-8"?>
<!-- Generated by org.testng.reporters.JUnitXMLReporter -->
<testsuite hostname="Vofox-Sebastian" name="Test" tests="8" failures="0" timestamp="15 Oct 2018 07:07:23 GMT" time="48.439" errors="0">
  <testcase name="TCBA01001" time="0.733" classname="com.associatePortal.Associate_Login"/>
  <testcase name="TCBA01002" time="0.455" classname="com.associatePortal.Associate_Login"/>
  <testcase name="TCBA01003" time="0.432" classname="com.associatePortal.Associate_Login"/>
  <testcase name="TCBA01004" time="2.507" classname="com.associatePortal.Associate_Login"/>
  <testcase name="TCBA01005" time="3.512" classname="com.associatePortal.Associate_Login"/>
  <testcase name="TCBA01006" time="3.481" classname="com.associatePortal.Associate_Login"/>
  <testcase name="TCBA01007" time="10.128" classname="com.associatePortal.Associate_Login"/>
  <testcase name="TCBA01008" time="3.54" classname="com.associatePortal.Associate_Login"/>
</testsuite> <!-- Test -->
