<?xml version="1.0" encoding="UTF-8"?>
<!-- Generated by org.testng.reporters.JUnitXMLReporter -->
<testsuite hostname="QA-Scheduler" name="Test" tests="8" failures="0" timestamp="27 Nov 2018 11:10:04 GMT" time="31.671" errors="0">
  <testcase name="TCBA01001" time="0.572" classname="com.associatePortal.Associate_Login"/>
  <testcase name="TCBA01002" time="0.35" classname="com.associatePortal.Associate_Login"/>
  <testcase name="TCBA01003" time="0.385" classname="com.associatePortal.Associate_Login"/>
  <testcase name="TCBA01004" time="2.404" classname="com.associatePortal.Associate_Login"/>
  <testcase name="TCBA01005" time="3.387" classname="com.associatePortal.Associate_Login"/>
  <testcase name="TCBA01006" time="3.421" classname="com.associatePortal.Associate_Login"/>
  <testcase name="TCBA01007" time="10.033" classname="com.associatePortal.Associate_Login"/>
  <testcase name="TCBA01008" time="3.639" classname="com.associatePortal.Associate_Login"/>
</testsuite> <!-- Test -->
