<?xml version="1.0" encoding="UTF-8"?>
<!-- Generated by org.testng.reporters.JUnitXMLReporter -->
<testsuite hostname="QA-Scheduler" name="Test" tests="8" failures="0" timestamp="23 Nov 2018 10:47:40 GMT" time="33.87" errors="0">
  <testcase name="TCBA01001" time="0.618" classname="com.associatePortal.Associate_Login"/>
  <testcase name="TCBA01002" time="0.344" classname="com.associatePortal.Associate_Login"/>
  <testcase name="TCBA01003" time="0.375" classname="com.associatePortal.Associate_Login"/>
  <testcase name="TCBA01004" time="2.386" classname="com.associatePortal.Associate_Login"/>
  <testcase name="TCBA01005" time="3.436" classname="com.associatePortal.Associate_Login"/>
  <testcase name="TCBA01006" time="3.44" classname="com.associatePortal.Associate_Login"/>
  <testcase name="TCBA01007" time="10.066" classname="com.associatePortal.Associate_Login"/>
  <testcase name="TCBA01008" time="3.727" classname="com.associatePortal.Associate_Login"/>
</testsuite> <!-- Test -->
