<?xml version="1.0" encoding="UTF-8"?>
<testng-results skipped="0" failed="0" total="8" passed="8">
  <reporter-output>
  </reporter-output>
  <suite name="Suite" duration-ms="32113" started-at="2018-12-06T09:39:48Z" finished-at="2018-12-06T09:40:20Z">
    <groups>
    </groups>
    <test name="Test" duration-ms="32113" started-at="2018-12-06T09:39:48Z" finished-at="2018-12-06T09:40:20Z">
      <class name="com.associatePortal.Associate_Login">
        <test-method status="PASS" signature="setup1()[pri:0, instance:com.associatePortal.Associate_Login@60f82f98]" name="setup1" is-config="true" duration-ms="7976" started-at="2018-12-06T15:09:48Z" finished-at="2018-12-06T15:09:56Z">
          <reporter-output>
          </reporter-output>
        </test-method> <!-- setup1 -->
        <test-method status="PASS" signature="TCBA01001()[pri:0, instance:com.associatePortal.Associate_Login@60f82f98]" name="TCBA01001" duration-ms="577" started-at="2018-12-06T15:09:56Z" finished-at="2018-12-06T15:09:56Z">
          <reporter-output>
          </reporter-output>
        </test-method> <!-- TCBA01001 -->
        <test-method status="PASS" signature="TCBA01002()[pri:0, instance:com.associatePortal.Associate_Login@60f82f98]" name="TCBA01002" duration-ms="369" started-at="2018-12-06T15:09:56Z" finished-at="2018-12-06T15:09:57Z">
          <reporter-output>
          </reporter-output>
        </test-method> <!-- TCBA01002 -->
        <test-method status="PASS" signature="TCBA01003()[pri:0, instance:com.associatePortal.Associate_Login@60f82f98]" name="TCBA01003" duration-ms="375" started-at="2018-12-06T15:09:57Z" finished-at="2018-12-06T15:09:57Z">
          <reporter-output>
          </reporter-output>
        </test-method> <!-- TCBA01003 -->
        <test-method status="PASS" signature="TCBA01004()[pri:0, instance:com.associatePortal.Associate_Login@60f82f98]" name="TCBA01004" duration-ms="2365" started-at="2018-12-06T15:09:57Z" finished-at="2018-12-06T15:10:00Z">
          <reporter-output>
          </reporter-output>
        </test-method> <!-- TCBA01004 -->
        <test-method status="PASS" signature="TCBA01005()[pri:0, instance:com.associatePortal.Associate_Login@60f82f98]" name="TCBA01005" duration-ms="3394" started-at="2018-12-06T15:10:00Z" finished-at="2018-12-06T15:10:03Z">
          <reporter-output>
          </reporter-output>
        </test-method> <!-- TCBA01005 -->
        <test-method status="PASS" signature="TCBA01006()[pri:0, instance:com.associatePortal.Associate_Login@60f82f98]" name="TCBA01006" duration-ms="3391" started-at="2018-12-06T15:10:03Z" finished-at="2018-12-06T15:10:06Z">
          <reporter-output>
          </reporter-output>
        </test-method> <!-- TCBA01006 -->
        <test-method status="PASS" signature="TCBA01007()[pri:0, instance:com.associatePortal.Associate_Login@60f82f98]" name="TCBA01007" duration-ms="10021" started-at="2018-12-06T15:10:06Z" finished-at="2018-12-06T15:10:16Z">
          <reporter-output>
          </reporter-output>
        </test-method> <!-- TCBA01007 -->
        <test-method status="PASS" signature="TCBA01008()[pri:0, instance:com.associatePortal.Associate_Login@60f82f98]" name="TCBA01008" duration-ms="3630" started-at="2018-12-06T15:10:16Z" finished-at="2018-12-06T15:10:20Z">
          <reporter-output>
          </reporter-output>
        </test-method> <!-- TCBA01008 -->
        <test-method status="PASS" signature="tearDown()[pri:0, instance:com.associatePortal.Associate_Login@60f82f98]" name="tearDown" is-config="true" duration-ms="0" started-at="2018-12-06T15:10:20Z" finished-at="2018-12-06T15:10:20Z">
          <reporter-output>
          </reporter-output>
        </test-method> <!-- tearDown -->
      </class> <!-- com.associatePortal.Associate_Login -->
    </test> <!-- Test -->
  </suite> <!-- Suite -->
</testng-results>
