<?xml version="1.0" encoding="UTF-8"?>
<testng-results skipped="0" failed="1" total="3" passed="2">
  <reporter-output>
  </reporter-output>
  <suite name="Default suite" duration-ms="131364" started-at="2018-10-09T11:25:31Z" finished-at="2018-10-09T11:27:42Z">
    <groups>
    </groups>
    <test name="Default test" duration-ms="131364" started-at="2018-10-09T11:25:31Z" finished-at="2018-10-09T11:27:42Z">
      <class name="com.MyCustomers.My_customers">
        <test-method status="PASS" signature="setup1()[pri:0, instance:com.MyCustomers.My_customers@14ba872]" name="setup1" is-config="true" duration-ms="9749" started-at="2018-10-09T16:55:31Z" finished-at="2018-10-09T16:55:40Z">
          <reporter-output>
          </reporter-output>
        </test-method> <!-- setup1 -->
        <test-method status="PASS" signature="TCBA01401()[pri:0, instance:com.MyCustomers.My_customers@14ba872]" name="TCBA01401" duration-ms="4482" started-at="2018-10-09T16:55:40Z" finished-at="2018-10-09T16:55:45Z">
          <reporter-output>
          </reporter-output>
        </test-method> <!-- TCBA01401 -->
        <test-method status="PASS" signature="TCBA01402()[pri:0, instance:com.MyCustomers.My_customers@14ba872]" name="TCBA01402" duration-ms="4950" started-at="2018-10-09T16:55:45Z" finished-at="2018-10-09T16:55:50Z">
          <reporter-output>
          </reporter-output>
        </test-method> <!-- TCBA01402 -->
        <test-method status="FAIL" signature="TCBA01403()[pri:0, instance:com.MyCustomers.My_customers@14ba872]" name="TCBA01403" duration-ms="112159" started-at="2018-10-09T16:55:50Z" finished-at="2018-10-09T16:57:42Z">
          <exception class="java.lang.AssertionError">
            <message>
              <![CDATA[expected [IBANinvalid format.] but found [IBANinvalid format]]]>
            </message>
            <full-stacktrace>
              <![CDATA[java.lang.AssertionError: expected [IBANinvalid format.] but found [IBANinvalid format]
	at org.testng.Assert.fail(Assert.java:94)
	at org.testng.Assert.failNotEquals(Assert.java:494)
	at org.testng.Assert.assertEquals(Assert.java:123)
	at org.testng.Assert.assertEquals(Assert.java:176)
	at org.testng.Assert.assertEquals(Assert.java:186)
	at com.MyCustomers.My_customers.TCBA01403(My_customers.java:278)
	at sun.reflect.NativeMethodAccessorImpl.invoke0(Native Method)
	at sun.reflect.NativeMethodAccessorImpl.invoke(NativeMethodAccessorImpl.java:62)
	at sun.reflect.DelegatingMethodAccessorImpl.invoke(DelegatingMethodAccessorImpl.java:43)
	at java.lang.reflect.Method.invoke(Method.java:498)
	at org.testng.internal.MethodInvocationHelper.invokeMethod(MethodInvocationHelper.java:80)
	at org.testng.internal.Invoker.invokeMethod(Invoker.java:714)
	at org.testng.internal.Invoker.invokeTestMethod(Invoker.java:901)
	at org.testng.internal.Invoker.invokeTestMethods(Invoker.java:1231)
	at org.testng.internal.TestMethodWorker.invokeTestMethods(TestMethodWorker.java:127)
	at org.testng.internal.TestMethodWorker.run(TestMethodWorker.java:111)
	at org.testng.TestRunner.privateRun(TestRunner.java:767)
	at org.testng.TestRunner.run(TestRunner.java:617)
	at org.testng.SuiteRunner.runTest(SuiteRunner.java:334)
	at org.testng.SuiteRunner.runSequentially(SuiteRunner.java:329)
	at org.testng.SuiteRunner.privateRun(SuiteRunner.java:291)
	at org.testng.SuiteRunner.run(SuiteRunner.java:240)
	at org.testng.SuiteRunnerWorker.runSuite(SuiteRunnerWorker.java:52)
	at org.testng.SuiteRunnerWorker.run(SuiteRunnerWorker.java:86)
	at org.testng.TestNG.runSuitesSequentially(TestNG.java:1198)
	at org.testng.TestNG.runSuitesLocally(TestNG.java:1123)
	at org.testng.TestNG.run(TestNG.java:1031)
	at org.testng.remote.AbstractRemoteTestNG.run(AbstractRemoteTestNG.java:132)
	at org.testng.remote.RemoteTestNG.initAndRun(RemoteTestNG.java:236)
	at org.testng.remote.RemoteTestNG.main(RemoteTestNG.java:81)
]]>
            </full-stacktrace>
          </exception> <!-- java.lang.AssertionError -->
          <reporter-output>
          </reporter-output>
        </test-method> <!-- TCBA01403 -->
        <test-method status="PASS" signature="tearDown()[pri:0, instance:com.MyCustomers.My_customers@14ba872]" name="tearDown" is-config="true" duration-ms="0" started-at="2018-10-09T16:57:42Z" finished-at="2018-10-09T16:57:42Z">
          <reporter-output>
          </reporter-output>
        </test-method> <!-- tearDown -->
      </class> <!-- com.MyCustomers.My_customers -->
    </test> <!-- Default test -->
  </suite> <!-- Default suite -->
</testng-results>
