<?xml version="1.0" encoding="UTF-8"?>
<testng-results skipped="0" failed="0" total="3" passed="3">
  <reporter-output>
  </reporter-output>
  <suite name="Suite" duration-ms="42751" started-at="2018-10-16T11:12:08Z" finished-at="2018-10-16T11:12:51Z">
    <groups>
    </groups>
    <test name="Test" duration-ms="42751" started-at="2018-10-16T11:12:08Z" finished-at="2018-10-16T11:12:51Z">
      <class name="com.Home.Associate_Home">
        <test-method status="PASS" signature="setup1()[pri:0, instance:com.Home.Associate_Home@14ba872]" name="setup1" is-config="true" duration-ms="15128" started-at="2018-10-16T16:42:08Z" finished-at="2018-10-16T16:42:23Z">
          <reporter-output>
          </reporter-output>
        </test-method> <!-- setup1 -->
        <test-method status="PASS" signature="TCBA01101()[pri:0, instance:com.Home.Associate_Home@14ba872]" name="TCBA01101" duration-ms="4031" started-at="2018-10-16T16:42:23Z" finished-at="2018-10-16T16:42:27Z">
          <reporter-output>
          </reporter-output>
        </test-method> <!-- TCBA01101 -->
        <test-method status="PASS" signature="TCBA01102()[pri:0, instance:com.Home.Associate_Home@14ba872]" name="TCBA01102" duration-ms="21107" started-at="2018-10-16T16:42:27Z" finished-at="2018-10-16T16:42:48Z">
          <reporter-output>
          </reporter-output>
        </test-method> <!-- TCBA01102 -->
        <test-method status="PASS" signature="TCBA01103()[pri:0, instance:com.Home.Associate_Home@14ba872]" name="TCBA01103" duration-ms="2463" started-at="2018-10-16T16:42:48Z" finished-at="2018-10-16T16:42:51Z">
          <reporter-output>
          </reporter-output>
        </test-method> <!-- TCBA01103 -->
        <test-method status="PASS" signature="tearDown()[pri:0, instance:com.Home.Associate_Home@14ba872]" name="tearDown" is-config="true" duration-ms="0" started-at="2018-10-16T16:42:51Z" finished-at="2018-10-16T16:42:51Z">
          <reporter-output>
          </reporter-output>
        </test-method> <!-- tearDown -->
      </class> <!-- com.Home.Associate_Home -->
    </test> <!-- Test -->
  </suite> <!-- Suite -->
</testng-results>
